1697042898745	geckodriver	INFO	Listening on 127.0.0.1:33899
1697042899792	mozrunner::runner	INFO	Running command: MOZ_CRASHREPORTER="1" MOZ_CRASHREPORTER_NO_REPORT="1" MOZ_CRASHREPORTER_SHUTDOWN="1" MOZ_NO_REMOTE="1" "/usr/bin/firefox" "--marionette" "-no-remote" "-profile" "/tmp/rust_mozprofileo6fssq"
console.warn: services.settings: Ignoring preference override of remote settings server
console.warn: services.settings: Allow by setting MOZ_REMOTE_SETTINGS_DEVTOOLS=1 in the environment
1697042900633	Marionette	INFO	Marionette enabled
1697042900735	Marionette	INFO	Listening on port 40675
Read port: 40675
1697042901011	RemoteAgent	WARN	TLS certificate errors will be ignored for this session
console.error: ({})
1697042910273	Marionette	INFO	Stopped listening on port 40675
JavaScript error: chrome://remote/content/marionette/cert.sys.mjs, line 51: NS_ERROR_NOT_AVAILABLE: Component returned failure code: 0x80040111 (NS_ERROR_NOT_AVAILABLE) [nsICertOverrideService.setDisableAllSecurityChecksAndLetAttackersInterceptMyData]
1697042949315	geckodriver	INFO	Listening on 127.0.0.1:38501
1697042950388	mozrunner::runner	INFO	Running command: MOZ_CRASHREPORTER="1" MOZ_CRASHREPORTER_NO_REPORT="1" MOZ_CRASHREPORTER_SHUTDOWN="1" MOZ_NO_REMOTE="1" "/usr/bin/firefox" "--marionette" "-no-remote" "-profile" "/tmp/rust_mozprofilegC55sN"
console.warn: services.settings: Ignoring preference override of remote settings server
console.warn: services.settings: Allow by setting MOZ_REMOTE_SETTINGS_DEVTOOLS=1 in the environment
1697042951129	Marionette	INFO	Marionette enabled
1697042951259	Marionette	INFO	Listening on port 37857
Read port: 37857
1697042951504	RemoteAgent	WARN	TLS certificate errors will be ignored for this session
console.error: ({})
console.error: (new TypeError("linkMap is undefined", "resource://gre/modules/NewTabUtils.sys.mjs", 2003))
JavaScript error: https://tolkiengateway.net/wiki/Category:Characters_in_The_Hobbit line 10 > injectedScript, line 3: ReferenceError: mwCustomEditButtons is not defined
1697042960513	Marionette	INFO	Stopped listening on port 37857
JavaScript error: chrome://remote/content/marionette/cert.sys.mjs, line 51: NS_ERROR_NOT_AVAILABLE: Component returned failure code: 0x80040111 (NS_ERROR_NOT_AVAILABLE) [nsICertOverrideService.setDisableAllSecurityChecksAndLetAttackersInterceptMyData]
1697042993818	geckodriver	INFO	Listening on 127.0.0.1:59859
1697042994860	mozrunner::runner	INFO	Running command: MOZ_CRASHREPORTER="1" MOZ_CRASHREPORTER_NO_REPORT="1" MOZ_CRASHREPORTER_SHUTDOWN="1" MOZ_NO_REMOTE="1" "/usr/bin/firefox" "--marionette" "-no-remote" "-profile" "/tmp/rust_mozprofile1FePgH"
console.warn: services.settings: Ignoring preference override of remote settings server
console.warn: services.settings: Allow by setting MOZ_REMOTE_SETTINGS_DEVTOOLS=1 in the environment
1697042995553	Marionette	INFO	Marionette enabled
1697042995672	Marionette	INFO	Listening on port 36263
Read port: 36263
1697042995946	RemoteAgent	WARN	TLS certificate errors will be ignored for this session
console.error: ({})
console.error: (new TypeError("linkMap is undefined", "resource://gre/modules/NewTabUtils.sys.mjs", 2003))
JavaScript error: https://tolkiengateway.net/wiki/Category:Characters_in_The_Hobbit line 10 > injectedScript, line 3: ReferenceError: mwCustomEditButtons is not defined
console.error: "update.locale" " file doesn't exist in either the application or GRE directories"
1697043030446	Marionette	INFO	Stopped listening on port 36263
JavaScript error: chrome://remote/content/marionette/cert.sys.mjs, line 51: NS_ERROR_NOT_AVAILABLE: Component returned failure code: 0x80040111 (NS_ERROR_NOT_AVAILABLE) [nsICertOverrideService.setDisableAllSecurityChecksAndLetAttackersInterceptMyData]
1697043104619	geckodriver	INFO	Listening on 127.0.0.1:59299
1697043105693	mozrunner::runner	INFO	Running command: MOZ_CRASHREPORTER="1" MOZ_CRASHREPORTER_NO_REPORT="1" MOZ_CRASHREPORTER_SHUTDOWN="1" MOZ_NO_REMOTE="1" "/usr/bin/firefox" "--marionette" "-no-remote" "-profile" "/tmp/rust_mozprofileXQCprH"
console.warn: services.settings: Ignoring preference override of remote settings server
console.warn: services.settings: Allow by setting MOZ_REMOTE_SETTINGS_DEVTOOLS=1 in the environment
1697043106500	Marionette	INFO	Marionette enabled
1697043106625	Marionette	INFO	Listening on port 41887
Read port: 41887
1697043106904	RemoteAgent	WARN	TLS certificate errors will be ignored for this session
console.error: ({})
1697043109659	Marionette	INFO	Stopped listening on port 41887
JavaScript error: chrome://remote/content/marionette/cert.sys.mjs, line 51: NS_ERROR_NOT_AVAILABLE: Component returned failure code: 0x80040111 (NS_ERROR_NOT_AVAILABLE) [nsICertOverrideService.setDisableAllSecurityChecksAndLetAttackersInterceptMyData]
1697044860132	geckodriver	INFO	Listening on 127.0.0.1:41027
1697044861203	mozrunner::runner	INFO	Running command: MOZ_CRASHREPORTER="1" MOZ_CRASHREPORTER_NO_REPORT="1" MOZ_CRASHREPORTER_SHUTDOWN="1" MOZ_NO_REMOTE="1" "/usr/bin/firefox" "--marionette" "-no-remote" "-profile" "/tmp/rust_mozprofilec5Tyz0"
console.warn: services.settings: Ignoring preference override of remote settings server
console.warn: services.settings: Allow by setting MOZ_REMOTE_SETTINGS_DEVTOOLS=1 in the environment
1697044861915	Marionette	INFO	Marionette enabled
1697044862021	Marionette	INFO	Listening on port 42563
Read port: 42563
1697044862286	RemoteAgent	WARN	TLS certificate errors will be ignored for this session
console.error: ({})
console.error: (new TypeError("linkMap is undefined", "resource://gre/modules/NewTabUtils.sys.mjs", 2003))
JavaScript error: https://tolkiengateway.net/wiki/Category:Characters_in_The_Hobbit line 10 > injectedScript, line 3: ReferenceError: mwCustomEditButtons is not defined
console.error: "update.locale" " file doesn't exist in either the application or GRE directories"
1697044946532	geckodriver	INFO	Listening on 127.0.0.1:52753
1697044947599	mozrunner::runner	INFO	Running command: MOZ_CRASHREPORTER="1" MOZ_CRASHREPORTER_NO_REPORT="1" MOZ_CRASHREPORTER_SHUTDOWN="1" MOZ_NO_REMOTE="1" "/usr/bin/firefox" "--marionette" "-no-remote" "-profile" "/tmp/rust_mozprofilezTJpe7"
console.warn: services.settings: Ignoring preference override of remote settings server
console.warn: services.settings: Allow by setting MOZ_REMOTE_SETTINGS_DEVTOOLS=1 in the environment
1697044948297	Marionette	INFO	Marionette enabled
1697044948412	Marionette	INFO	Listening on port 44691
Read port: 44691
1697044948682	RemoteAgent	WARN	TLS certificate errors will be ignored for this session
console.error: ({})
console.error: (new TypeError("linkMap is undefined", "resource://gre/modules/NewTabUtils.sys.mjs", 2003))
JavaScript error: https://tolkiengateway.net/wiki/Category:Characters_in_The_Hobbit line 10 > injectedScript, line 3: ReferenceError: mwCustomEditButtons is not defined
console.error: "update.locale" " file doesn't exist in either the application or GRE directories"
1697045350925	geckodriver	INFO	Listening on 127.0.0.1:53747
1697045351987	mozrunner::runner	INFO	Running command: MOZ_CRASHREPORTER="1" MOZ_CRASHREPORTER_NO_REPORT="1" MOZ_CRASHREPORTER_SHUTDOWN="1" MOZ_NO_REMOTE="1" "/usr/bin/firefox" "--marionette" "-no-remote" "-profile" "/tmp/rust_mozprofile0auSs9"
console.warn: services.settings: Ignoring preference override of remote settings server
console.warn: services.settings: Allow by setting MOZ_REMOTE_SETTINGS_DEVTOOLS=1 in the environment
1697045352721	Marionette	INFO	Marionette enabled
1697045352816	Marionette	INFO	Listening on port 44631
Read port: 44631
1697045353077	RemoteAgent	WARN	TLS certificate errors will be ignored for this session
console.error: ({})
console.error: (new TypeError("linkMap is undefined", "resource://gre/modules/NewTabUtils.sys.mjs", 2003))
JavaScript error: https://tolkiengateway.net/wiki/Category:Characters_in_The_Hobbit line 10 > injectedScript, line 3: ReferenceError: mwCustomEditButtons is not defined
console.error: "update.locale" " file doesn't exist in either the application or GRE directories"
1697045415725	geckodriver	INFO	Listening on 127.0.0.1:39127
1697045416800	mozrunner::runner	INFO	Running command: MOZ_CRASHREPORTER="1" MOZ_CRASHREPORTER_NO_REPORT="1" MOZ_CRASHREPORTER_SHUTDOWN="1" MOZ_NO_REMOTE="1" "/usr/bin/firefox" "--marionette" "-no-remote" "-profile" "/tmp/rust_mozprofileh4TZnf"
console.warn: services.settings: Ignoring preference override of remote settings server
console.warn: services.settings: Allow by setting MOZ_REMOTE_SETTINGS_DEVTOOLS=1 in the environment
1697045417611	Marionette	INFO	Marionette enabled
1697045417705	Marionette	INFO	Listening on port 46051
Read port: 46051
1697045417993	RemoteAgent	WARN	TLS certificate errors will be ignored for this session
console.error: ({})
console.error: (new TypeError("linkMap is undefined", "resource://gre/modules/NewTabUtils.sys.mjs", 2003))
JavaScript error: https://tolkiengateway.net/wiki/Portal:Characters line 10 > injectedScript, line 3: ReferenceError: mwCustomEditButtons is not defined
console.error: "update.locale" " file doesn't exist in either the application or GRE directories"
1697046295928	Marionette	INFO	Stopped listening on port 46051
JavaScript error: chrome://remote/content/marionette/cert.sys.mjs, line 51: NS_ERROR_NOT_AVAILABLE: Component returned failure code: 0x80040111 (NS_ERROR_NOT_AVAILABLE) [nsICertOverrideService.setDisableAllSecurityChecksAndLetAttackersInterceptMyData]
1697046334855	geckodriver	INFO	Listening on 127.0.0.1:45691
1697046335927	mozrunner::runner	INFO	Running command: MOZ_CRASHREPORTER="1" MOZ_CRASHREPORTER_NO_REPORT="1" MOZ_CRASHREPORTER_SHUTDOWN="1" MOZ_NO_REMOTE="1" "/usr/bin/firefox" "--marionette" "-no-remote" "-profile" "/tmp/rust_mozprofileE4LzqT"
console.warn: services.settings: Ignoring preference override of remote settings server
console.warn: services.settings: Allow by setting MOZ_REMOTE_SETTINGS_DEVTOOLS=1 in the environment
1697046336720	Marionette	INFO	Marionette enabled
1697046336840	Marionette	INFO	Listening on port 33301
Read port: 33301
1697046337111	RemoteAgent	WARN	TLS certificate errors will be ignored for this session
console.error: ({})
console.error: (new TypeError("linkMap is undefined", "resource://gre/modules/NewTabUtils.sys.mjs", 2003))
JavaScript error: https://tolkiengateway.net/wiki/Category:Characters_in_The_Hobbit line 10 > injectedScript, line 3: ReferenceError: mwCustomEditButtons is not defined
console.error: "update.locale" " file doesn't exist in either the application or GRE directories"
1697046373396	geckodriver	INFO	Listening on 127.0.0.1:35261
1697046374469	mozrunner::runner	INFO	Running command: MOZ_CRASHREPORTER="1" MOZ_CRASHREPORTER_NO_REPORT="1" MOZ_CRASHREPORTER_SHUTDOWN="1" MOZ_NO_REMOTE="1" "/usr/bin/firefox" "--marionette" "-no-remote" "-profile" "/tmp/rust_mozprofileOfL2gw"
console.warn: services.settings: Ignoring preference override of remote settings server
console.warn: services.settings: Allow by setting MOZ_REMOTE_SETTINGS_DEVTOOLS=1 in the environment
1697046375186	Marionette	INFO	Marionette enabled
1697046375318	Marionette	INFO	Listening on port 34625
Read port: 34625
1697046375568	RemoteAgent	WARN	TLS certificate errors will be ignored for this session
console.error: ({})
console.error: (new TypeError("linkMap is undefined", "resource://gre/modules/NewTabUtils.sys.mjs", 2003))
JavaScript error: https://tolkiengateway.net/wiki/Category:Characters_in_The_Hobbit line 10 > injectedScript, line 3: ReferenceError: mwCustomEditButtons is not defined
console.error: "update.locale" " file doesn't exist in either the application or GRE directories"
1697046501626	geckodriver	INFO	Listening on 127.0.0.1:50067
1697046502695	mozrunner::runner	INFO	Running command: MOZ_CRASHREPORTER="1" MOZ_CRASHREPORTER_NO_REPORT="1" MOZ_CRASHREPORTER_SHUTDOWN="1" MOZ_NO_REMOTE="1" "/usr/bin/firefox" "--marionette" "-no-remote" "-profile" "/tmp/rust_mozprofileDHCXnO"
console.warn: services.settings: Ignoring preference override of remote settings server
console.warn: services.settings: Allow by setting MOZ_REMOTE_SETTINGS_DEVTOOLS=1 in the environment
1697046503461	Marionette	INFO	Marionette enabled
1697046503567	Marionette	INFO	Listening on port 37849
Read port: 37849
1697046503807	RemoteAgent	WARN	TLS certificate errors will be ignored for this session
console.error: ({})
console.error: (new TypeError("linkMap is undefined", "resource://gre/modules/NewTabUtils.sys.mjs", 2003))
JavaScript error: https://tolkiengateway.net/wiki/Category:Characters_in_The_Hobbit line 10 > injectedScript, line 3: ReferenceError: mwCustomEditButtons is not defined
console.error: "update.locale" " file doesn't exist in either the application or GRE directories"
1697047748314	Marionette	INFO	Stopped listening on port 37849
JavaScript error: chrome://remote/content/marionette/cert.sys.mjs, line 51: NS_ERROR_NOT_AVAILABLE: Component returned failure code: 0x80040111 (NS_ERROR_NOT_AVAILABLE) [nsICertOverrideService.setDisableAllSecurityChecksAndLetAttackersInterceptMyData]
1697047749549	Marionette	INFO	Stopped listening on port 33301
1697047750595	Marionette	INFO	Stopped listening on port 42563
1697047753462	Marionette	INFO	Stopped listening on port 34625
1697047761989	Marionette	INFO	Stopped listening on port 44691
JavaScript error: chrome://remote/content/marionette/cert.sys.mjs, line 51: NS_ERROR_NOT_AVAILABLE: Component returned failure code: 0x80040111 (NS_ERROR_NOT_AVAILABLE) [nsICertOverrideService.setDisableAllSecurityChecksAndLetAttackersInterceptMyData]
1697047763293	Marionette	INFO	Stopped listening on port 44631
1697050654431	geckodriver	INFO	Listening on 127.0.0.1:43683
1697050802441	geckodriver	INFO	Listening on 127.0.0.1:43869
1697051331726	geckodriver	INFO	Listening on 127.0.0.1:34451
1697052035979	geckodriver	INFO	Listening on 127.0.0.1:51833
1697052037057	mozrunner::runner	INFO	Running command: MOZ_CRASHREPORTER="1" MOZ_CRASHREPORTER_NO_REPORT="1" MOZ_CRASHREPORTER_SHUTDOWN="1" MOZ_NO_REMOTE="1" "/usr/bin/firefox" "--marionette" "-no-remote" "-profile" "/tmp/rust_mozprofilelzvnTJ"
console.warn: services.settings: Ignoring preference override of remote settings server
console.warn: services.settings: Allow by setting MOZ_REMOTE_SETTINGS_DEVTOOLS=1 in the environment
1697052037786	Marionette	INFO	Marionette enabled
1697052037932	Marionette	INFO	Listening on port 36255
Read port: 36255
1697052038138	RemoteAgent	WARN	TLS certificate errors will be ignored for this session
console.error: ({})
JavaScript error: , line 0: TypeError: NetworkError when attempting to fetch resource.
JavaScript warning: https://pagead2.googlesyndication.com/bg/YeTNF82ErcXtSc42GSWrie2SEIEL8DxR64dbf1nZkSc.js line 2 > eval line 765 > eval line 1 > eval line 1 > eval, line 1: WEBGL_debug_renderer_info is deprecated in Firefox and will be removed. Please use RENDERER.
JavaScript warning: https://www.clickcease.com/monitor/stat.js, line 1: unreachable code after return statement
JavaScript error: https://assets.a-mo.net/js/cframe.js#gdpr=0&gdpr_consent=&cc=ZA, line 1: SecurityError: The operation is insecure.
JavaScript error: https://prebid.a-mo.net/isyn?__st=iframe&gdpr=0&gdpr_consent=&us_privacy=1---&_e=_e%3DCsYBShJ3aXRjaGVyLmZhbmRvbS5jb21SC2Fhcy0wN2ZhZDZkWghwYmExLjMuMmoSd2l0Y2hlci5mYW5kb20uY29t-gEGNy4zNy406AIBiAOX65upBqgDGeoDCW00ejZvbi55aqoEA0lTULIFA1VTRNIFCTEwNTE5OTYxOdgFAeAFAeoFB2Rlc2t0b3D6BQRkYzEz0gYgMTFENEE5NUYwMzMxQzUyMzEzRTg1M0M2NDY4QjhGQzGqBwN3ZWLKBwpmYW5kb20uY29t, line 2: ReferenceError: __am$CK is not defined
JavaScript error: https://assets.a-mo.net/js/cframe.js#gdpr=0&gdpr_consent=&cc=ZA, line 1: SecurityError: The operation is insecure.
JavaScript error: https://prebid.a-mo.net/isyn?__st=iframe&gdpr=0&gdpr_consent=&us_privacy=1---&_e=_e%3DCsYBShJ3aXRjaGVyLmZhbmRvbS5jb21SC2Fhcy0wN2ZhZDZkWghwYmExLjMuMmoSd2l0Y2hlci5mYW5kb20uY29t-gEGNy4zNy406AIBiAOX65upBqgDGeoDCW00ejZvbi55aqoEA0lTULIFA1VTRNIFCTEwNTE5OTMyONgFAOAFAeoFB2Rlc2t0b3D6BQRkYzEz0gYgMTFENEE5NUYwMzMxQzUyMzEzRTg1M0M2NDY4QjhGQzGqBwN3ZWLKBwpmYW5kb20uY29t, line 2: ReferenceError: __am$CK is not defined
JavaScript warning: https://pagead2.googlesyndication.com/bg/YeTNF82ErcXtSc42GSWrie2SEIEL8DxR64dbf1nZkSc.js line 2 > eval line 5516 > eval line 1 > eval line 1 > eval, line 1: WEBGL_debug_renderer_info is deprecated in Firefox and will be removed. Please use RENDERER.
console.error: "update.locale" " file doesn't exist in either the application or GRE directories"
JavaScript warning: https://pagead2.googlesyndication.com/bg/YeTNF82ErcXtSc42GSWrie2SEIEL8DxR64dbf1nZkSc.js line 2 > eval line 3430 > eval line 1 > eval line 1 > eval, line 1: WEBGL_debug_renderer_info is deprecated in Firefox and will be removed. Please use RENDERER.
JavaScript warning: https://pagead2.googlesyndication.com/bg/YeTNF82ErcXtSc42GSWrie2SEIEL8DxR64dbf1nZkSc.js line 2 > eval line 2544 > eval line 1 > eval line 1 > eval, line 1: WEBGL_debug_renderer_info is deprecated in Firefox and will be removed. Please use RENDERER.
1697052208313	geckodriver	INFO	Listening on 127.0.0.1:51461
1697052209360	mozrunner::runner	INFO	Running command: MOZ_CRASHREPORTER="1" MOZ_CRASHREPORTER_NO_REPORT="1" MOZ_CRASHREPORTER_SHUTDOWN="1" MOZ_NO_REMOTE="1" "/usr/bin/firefox" "--marionette" "-no-remote" "-profile" "/tmp/rust_mozprofileg7VgVM"
console.warn: services.settings: Ignoring preference override of remote settings server
console.warn: services.settings: Allow by setting MOZ_REMOTE_SETTINGS_DEVTOOLS=1 in the environment
1697052210248	Marionette	INFO	Marionette enabled
1697052210346	Marionette	INFO	Listening on port 46245
Read port: 46245
1697052210426	RemoteAgent	WARN	TLS certificate errors will be ignored for this session
console.error: ({})
1697052212888	Marionette	INFO	Stopped listening on port 36255
JavaScript error: , line 0: TypeError: NetworkError when attempting to fetch resource.
JavaScript error: , line 0: TypeError: NetworkError when attempting to fetch resource.
console.error: (new TypeError("linkMap is undefined", "resource://gre/modules/NewTabUtils.sys.mjs", 2003))
JavaScript error: chrome://remote/content/marionette/cert.sys.mjs, line 51: NS_ERROR_NOT_AVAILABLE: Component returned failure code: 0x80040111 (NS_ERROR_NOT_AVAILABLE) [nsICertOverrideService.setDisableAllSecurityChecksAndLetAttackersInterceptMyData]
JavaScript error: , line 0: TypeError: NetworkError when attempting to fetch resource.
JavaScript warning: https://pagead2.googlesyndication.com/bg/YeTNF82ErcXtSc42GSWrie2SEIEL8DxR64dbf1nZkSc.js line 2 > eval line 5989 > eval line 1 > eval line 1 > eval, line 1: WEBGL_debug_renderer_info is deprecated in Firefox and will be removed. Please use RENDERER.
JavaScript warning: https://www.clickcease.com/monitor/stat.js, line 1: unreachable code after return statement
JavaScript error: https://assets.a-mo.net/js/cframe.js#gdpr=0&gdpr_consent={gdpr_consent}&cc=ZA, line 1: SecurityError: The operation is insecure.
JavaScript error: https://prebid.a-mo.net/isyn?gdpr={gdpr}&gdpr_consent={gdpr_consent}&us_privacy={us_privacy}&cb=%20https%3A%2F%2Fsync.spotim.market%2Fcsync%3Ft%3Da%26ep%3D696268%26extuid%3D, line 2: ReferenceError: __am$CK is not defined
JavaScript warning: https://pagead2.googlesyndication.com/bg/YeTNF82ErcXtSc42GSWrie2SEIEL8DxR64dbf1nZkSc.js line 2 > eval line 1153 > eval line 1 > eval line 1 > eval, line 1: WEBGL_debug_renderer_info is deprecated in Firefox and will be removed. Please use RENDERER.
console.error: "update.locale" " file doesn't exist in either the application or GRE directories"
JavaScript warning: https://pagead2.googlesyndication.com/bg/YeTNF82ErcXtSc42GSWrie2SEIEL8DxR64dbf1nZkSc.js line 2 > eval line 7131 > eval line 1 > eval line 1 > eval, line 1: WEBGL_debug_renderer_info is deprecated in Firefox and will be removed. Please use RENDERER.
JavaScript warning: https://pagead2.googlesyndication.com/bg/YeTNF82ErcXtSc42GSWrie2SEIEL8DxR64dbf1nZkSc.js line 2 > eval line 7659 > eval line 1 > eval line 1 > eval, line 1: WEBGL_debug_renderer_info is deprecated in Firefox and will be removed. Please use RENDERER.
JavaScript error: resource://gre/actors/PictureInPictureChild.sys.mjs, line 347: TypeError: can't access dead object
JavaScript error: https://assets.a-mo.net/js/cframe.js#gdpr=0&gdpr_consent=&cc=ZA, line 1: SecurityError: The operation is insecure.
JavaScript error: https://prebid.a-mo.net/isyn?__st=iframe&gdpr=0&gdpr_consent=&us_privacy=1---&_e=_e%3DCsYBShJ3aXRjaGVyLmZhbmRvbS5jb21SC2Fhcy0wN2ZhZDZkWghwYmExLjMuMmoSd2l0Y2hlci5mYW5kb20uY29t-gEGNy4zNy406AICiAPg7JupBqgDGeoDCW01M2hrbS41a6oEA0lTULIFA1VTRNIFCTEwNTE5OTMyONgFAOAFAeoFB2Rlc2t0b3D6BQRkYzEz0gYgMTFENEE5NUYwMzMxQzUyMzEzRTg1M0M2NDY4QjhGQzGqBwN3ZWLKBwpmYW5kb20uY29t, line 2: ReferenceError: __am$CK is not defined
1697052288337	Marionette	WARN	Ignoring event 'pageshow' because document has an invalid readyState of 'uninitialized'.
1697052461176	geckodriver	INFO	Listening on 127.0.0.1:51071
1697052462248	mozrunner::runner	INFO	Running command: MOZ_CRASHREPORTER="1" MOZ_CRASHREPORTER_NO_REPORT="1" MOZ_CRASHREPORTER_SHUTDOWN="1" MOZ_NO_REMOTE="1" "/usr/bin/firefox" "--marionette" "-no-remote" "-profile" "/tmp/rust_mozprofileX8kXQq"
console.warn: services.settings: Ignoring preference override of remote settings server
console.warn: services.settings: Allow by setting MOZ_REMOTE_SETTINGS_DEVTOOLS=1 in the environment
1697052463013	Marionette	INFO	Marionette enabled
1697052463142	Marionette	INFO	Listening on port 42401
Read port: 42401
1697052463219	RemoteAgent	WARN	TLS certificate errors will be ignored for this session
console.error: ({})
JavaScript error: , line 0: TypeError: NetworkError when attempting to fetch resource.
JavaScript error: , line 0: TypeError: NetworkError when attempting to fetch resource.
JavaScript error: https://assets.a-mo.net/js/cframe.js#gdpr=0&gdpr_consent=&cc=ZA, line 1: SecurityError: The operation is insecure.
JavaScript error: https://prebid.a-mo.net/isyn?__st=iframe&gdpr=0&gdpr_consent=&us_privacy=1---&_e=_e%3DCsYBShJ3aXRjaGVyLmZhbmRvbS5jb21SC2Fhcy0wN2ZhZDZkWghwYmExLjMuMmoSd2l0Y2hlci5mYW5kb20uY29t-gEGNy4zNy406AIBiAPB7pupBqgDGeoDCW01OGFqdS50bKoEA0lTULIFA1VTRNIFCTEwNTE5OTYxOdgFAeAFAeoFB2Rlc2t0b3D6BQRkYzEz0gYgMTFENEE5NUYwMzMxQzUyMzEzRTg1M0M2NDY4QjhGQzGqBwN3ZWLKBwpmYW5kb20uY29t, line 2: ReferenceError: __am$CK is not defined
JavaScript error: https://assets.a-mo.net/js/cframe.js#gdpr=0&gdpr_consent=&cc=ZA, line 1: SecurityError: The operation is insecure.
JavaScript error: https://prebid.a-mo.net/isyn?__st=iframe&gdpr=0&gdpr_consent=&us_privacy=1---&_e=_e%3DCsYBShJ3aXRjaGVyLmZhbmRvbS5jb21SC2Fhcy0wN2ZhZDZkWghwYmExLjMuMmoSd2l0Y2hlci5mYW5kb20uY29t-gEGNy4zNy406AIBiAPB7pupBqgDGeoDCW01OGFqdS50bKoEA0lTULIFA1VTRNIFCTEwNTE5OTMyONgFAOAFAeoFB2Rlc2t0b3D6BQRkYzEz0gYgMTFENEE5NUYwMzMxQzUyMzEzRTg1M0M2NDY4QjhGQzGqBwN3ZWLKBwpmYW5kb20uY29t, line 2: ReferenceError: __am$CK is not defined
JavaScript warning: https://pagead2.googlesyndication.com/bg/YeTNF82ErcXtSc42GSWrie2SEIEL8DxR64dbf1nZkSc.js line 2 > eval line 7462 > eval line 1 > eval line 1 > eval, line 1: WEBGL_debug_renderer_info is deprecated in Firefox and will be removed. Please use RENDERER.
JavaScript error: resource://gre/actors/PictureInPictureChild.sys.mjs, line 347: TypeError: can't access dead object
console.error: "update.locale" " file doesn't exist in either the application or GRE directories"
JavaScript error: resource://gre/actors/PictureInPictureChild.sys.mjs, line 347: TypeError: can't access dead object
JavaScript warning: https://pagead2.googlesyndication.com/bg/YeTNF82ErcXtSc42GSWrie2SEIEL8DxR64dbf1nZkSc.js line 2 > eval line 2723 > eval line 1 > eval line 1 > eval, line 1: WEBGL_debug_renderer_info is deprecated in Firefox and will be removed. Please use RENDERER.
JavaScript warning: https://pagead2.googlesyndication.com/bg/YeTNF82ErcXtSc42GSWrie2SEIEL8DxR64dbf1nZkSc.js line 2 > eval line 5446 > eval line 1 > eval line 1 > eval, line 1: WEBGL_debug_renderer_info is deprecated in Firefox and will be removed. Please use RENDERER.
JavaScript error: , line 0: TypeError: NetworkError when attempting to fetch resource.
JavaScript error: https://assets.a-mo.net/js/cframe.js#gdpr=0&gdpr_consent=&cc=ZA, line 1: SecurityError: The operation is insecure.
JavaScript error: https://prebid.a-mo.net/isyn?gdpr=0&gdpr_consent=&us_privacy=1---&cb=%20https%3A%2F%2Fsync.spotim.market%2Fcsync%3Ft%3Da%26ep%3D696268%26extuid%3D, line 2: ReferenceError: __am$CK is not defined
JavaScript error: https://assets.a-mo.net/js/cframe.js#gdpr=0&gdpr_consent=&cc=ZA, line 1: SecurityError: The operation is insecure.
JavaScript error: https://prebid.a-mo.net/isyn?__st=iframe&gdpr=0&gdpr_consent=&us_privacy=1---&_e=_e%3DCsYBShJ3aXRjaGVyLmZhbmRvbS5jb21SC2Fhcy0wN2ZhZDZkWghwYmExLjMuMmoSd2l0Y2hlci5mYW5kb20uY29t-gEGNy4zNy406AICiAPX7pupBqgDGeoDCW01OHJyby42eKoEA0lTULIFA1VTRNIFCTEwNTE5OTYxOdgFAeAFAeoFB2Rlc2t0b3D6BQRkYzEz0gYgMTFENEE5NUYwMzMxQzUyMzEzRTg1M0M2NDY4QjhGQzGqBwN3ZWLKBwpmYW5kb20uY29t, line 2: ReferenceError: __am$CK is not defined
JavaScript warning: https://pagead2.googlesyndication.com/bg/YeTNF82ErcXtSc42GSWrie2SEIEL8DxR64dbf1nZkSc.js line 2 > eval line 3180 > eval line 1 > eval line 1 > eval, line 1: WEBGL_debug_renderer_info is deprecated in Firefox and will be removed. Please use RENDERER.
console.warn: services.settings: Ignoring preference override of remote settings server
console.warn: services.settings: Allow by setting MOZ_REMOTE_SETTINGS_DEVTOOLS=1 in the environment
console.error: (new TypeError("lazy.AsyncShutdown.profileBeforeChange is undefined", "resource://services-settings/Database.sys.mjs", 599))
JavaScript warning: https://pagead2.googlesyndication.com/bg/FvrbBlV_jFWbJeQ31HKG04hrbzYZAPR58b-SgZjo0Pc.js line 2 > eval line 119 > eval line 1 > eval line 1 > eval, line 1: WEBGL_debug_renderer_info is deprecated in Firefox and will be removed. Please use RENDERER.
JavaScript error: , line 0: TypeError: NetworkError when attempting to fetch resource.
1697053045075	Marionette	INFO	Stopped listening on port 42401
JavaScript error: , line 0: TypeError: NetworkError when attempting to fetch resource.
JavaScript error: , line 0: TypeError: NetworkError when attempting to fetch resource.
JavaScript error: , line 0: TypeError: NetworkError when attempting to fetch resource.
JavaScript error: , line 0: TypeError: NetworkError when attempting to fetch resource.
JavaScript error: , line 0: TypeError: NetworkError when attempting to fetch resource.
JavaScript error: chrome://remote/content/marionette/cert.sys.mjs, line 51: NS_ERROR_NOT_AVAILABLE: Component returned failure code: 0x80040111 (NS_ERROR_NOT_AVAILABLE) [nsICertOverrideService.setDisableAllSecurityChecksAndLetAttackersInterceptMyData]
JavaScript error: , line 0: TypeError: NetworkError when attempting to fetch resource.
console.warn: services.settings: Ignoring preference override of remote settings server
console.warn: services.settings: Allow by setting MOZ_REMOTE_SETTINGS_DEVTOOLS=1 in the environment
console.error: (new TypeError("lazy.AsyncShutdown.profileBeforeChange is undefined", "resource://services-settings/Database.sys.mjs", 599))
JavaScript error: , line 0: TypeError: NetworkError when attempting to fetch resource.
JavaScript error: resource://gre/actors/PictureInPictureChild.sys.mjs, line 347: TypeError: can't access dead object
JavaScript error: , line 0: TypeError: NetworkError when attempting to fetch resource.
JavaScript error: , line 0: TypeError: NetworkError when attempting to fetch resource.
JavaScript error: , line 0: TypeError: NetworkError when attempting to fetch resource.
JavaScript error: https://assets.a-mo.net/js/cframe.js#gdpr=0&gdpr_consent=&cc=ZA, line 1: SecurityError: The operation is insecure.
JavaScript error: https://prebid.a-mo.net/isyn?gdpr={gdpr}&gdpr_consent={gdpr_consent}&us_privacy={us_privacy}&cb=%20https%3A%2F%2Fsync.spotim.market%2Fcsync%3Ft%3Da%26ep%3D696268%26extuid%3D, line 2: ReferenceError: __am$CK is not defined
JavaScript error: resource://gre/actors/PictureInPictureChild.sys.mjs, line 347: TypeError: can't access dead object
JavaScript error: resource://gre/actors/PictureInPictureChild.sys.mjs, line 347: TypeError: can't access dead object
JavaScript error: , line 0: TypeError: NetworkError when attempting to fetch resource.
JavaScript error: , line 0: TypeError: NetworkError when attempting to fetch resource.
JavaScript error: , line 0: TypeError: NetworkError when attempting to fetch resource.
JavaScript warning: https://pagead2.googlesyndication.com/bg/YeTNF82ErcXtSc42GSWrie2SEIEL8DxR64dbf1nZkSc.js line 2 > eval line 2314 > eval line 1 > eval line 1 > eval, line 1: WEBGL_debug_renderer_info is deprecated in Firefox and will be removed. Please use RENDERER.
JavaScript error: , line 0: TypeError: NetworkError when attempting to fetch resource.
JavaScript warning: https://pagead2.googlesyndication.com/bg/FvrbBlV_jFWbJeQ31HKG04hrbzYZAPR58b-SgZjo0Pc.js line 2 > eval line 7617 > eval line 1 > eval line 1 > eval, line 1: WEBGL_debug_renderer_info is deprecated in Firefox and will be removed. Please use RENDERER.
JavaScript warning: https://pagead2.googlesyndication.com/bg/FvrbBlV_jFWbJeQ31HKG04hrbzYZAPR58b-SgZjo0Pc.js line 2 > eval line 5733 > eval line 1 > eval line 1 > eval, line 1: WEBGL_debug_renderer_info is deprecated in Firefox and will be removed. Please use RENDERER.
JavaScript warning: https://www.clickcease.com/monitor/stat.js, line 1: unreachable code after return statement
JavaScript error: https://assets.a-mo.net/js/cframe.js#gdpr=0&gdpr_consent=&cc=ZA, line 1: SecurityError: The operation is insecure.
JavaScript error: https://prebid.a-mo.net/isyn?gdpr={gdpr}&gdpr_consent={gdpr_consent}&us_privacy={us_privacy}&cb=%20https%3A%2F%2Fsync.spotim.market%2Fcsync%3Ft%3Da%26ep%3D696268%26extuid%3D, line 2: ReferenceError: __am$CK is not defined
JavaScript warning: https://pagead2.googlesyndication.com/bg/YeTNF82ErcXtSc42GSWrie2SEIEL8DxR64dbf1nZkSc.js line 2 > eval line 1820 > eval line 1 > eval line 1 > eval, line 1: WEBGL_debug_renderer_info is deprecated in Firefox and will be removed. Please use RENDERER.
JavaScript error: https://assets.a-mo.net/js/cframe.js#gdpr=0&gdpr_consent=&cc=ZA, line 1: SecurityError: The operation is insecure.
JavaScript error: https://prebid.a-mo.net/isyn?__st=iframe&gdpr=0&gdpr_consent=&us_privacy=1---&_e=_e%3DCsYBShJ3aXRjaGVyLmZhbmRvbS5jb21SC2Fhcy0wN2ZhZDZkWghwYmExLjMuMmoSd2l0Y2hlci5mYW5kb20uY29t-gEGNy4zNy406AIBiAOE9JupBqgDGeoDCW01bmdlZi54eaoEA0lTULIFA1VTRNIFCTEwNTE5OTYxOdgFAeAFAeoFB2Rlc2t0b3D6BQRkYzEz0gYgMTFENEE5NUYwMzMxQzUyMzEzRTg1M0M2NDY4QjhGQzGqBwN3ZWLKBwpmYW5kb20uY29t, line 2: ReferenceError: __am$CK is not defined
JavaScript error: https://assets.a-mo.net/js/cframe.js#gdpr=0&gdpr_consent=&cc=ZA, line 1: SecurityError: The operation is insecure.
JavaScript error: https://prebid.a-mo.net/isyn?__st=iframe&gdpr=0&gdpr_consent=&us_privacy=1---&_e=_e%3DCsYBShJ3aXRjaGVyLmZhbmRvbS5jb21SC2Fhcy0wN2ZhZDZkWghwYmExLjMuMmoSd2l0Y2hlci5mYW5kb20uY29t-gEGNy4zNy406AIBiAOE9JupBqgDGeoDCW01bmdlZi54eaoEA0lTULIFA1VTRNIFCTEwNTE5OTMyONgFAOAFAeoFB2Rlc2t0b3D6BQRkYzEz0gYgMTFENEE5NUYwMzMxQzUyMzEzRTg1M0M2NDY4QjhGQzGqBwN3ZWLKBwpmYW5kb20uY29t, line 2: ReferenceError: __am$CK is not defined
JavaScript error: https://assets.a-mo.net/js/cframe.js#gdpr=0&gdpr_consent=&cc=ZA, line 1: SecurityError: The operation is insecure.
JavaScript error: https://prebid.a-mo.net/isyn?gdpr=0&gdpr_consent=&us_privacy=1---&cb=%20https%3A%2F%2Fsync.spotim.market%2Fcsync%3Ft%3Da%26ep%3D696268%26extuid%3D, line 2: ReferenceError: __am$CK is not defined
JavaScript warning: https://pagead2.googlesyndication.com/bg/YeTNF82ErcXtSc42GSWrie2SEIEL8DxR64dbf1nZkSc.js line 2 > eval line 989 > eval line 1 > eval line 1 > eval, line 1: WEBGL_debug_renderer_info is deprecated in Firefox and will be removed. Please use RENDERER.
JavaScript warning: https://pagead2.googlesyndication.com/bg/YeTNF82ErcXtSc42GSWrie2SEIEL8DxR64dbf1nZkSc.js line 2 > eval line 3583 > eval line 1 > eval line 1 > eval, line 1: WEBGL_debug_renderer_info is deprecated in Firefox and will be removed. Please use RENDERER.
JavaScript error: , line 0: TypeError: NetworkError when attempting to fetch resource.
JavaScript error: , line 0: TypeError: NetworkError when attempting to fetch resource.
JavaScript error: , line 0: TypeError: NetworkError when attempting to fetch resource.
JavaScript warning: https://pagead2.googlesyndication.com/bg/FvrbBlV_jFWbJeQ31HKG04hrbzYZAPR58b-SgZjo0Pc.js line 2 > eval line 725 > eval line 1 > eval line 1 > eval, line 1: WEBGL_debug_renderer_info is deprecated in Firefox and will be removed. Please use RENDERER.
JavaScript warning: https://pagead2.googlesyndication.com/bg/FvrbBlV_jFWbJeQ31HKG04hrbzYZAPR58b-SgZjo0Pc.js line 2 > eval line 3580 > eval line 1 > eval line 1 > eval, line 1: WEBGL_debug_renderer_info is deprecated in Firefox and will be removed. Please use RENDERER.
1697053248256	Marionette	INFO	Stopped listening on port 46245
JavaScript error: , line 0: TypeError: NetworkError when attempting to fetch resource.
JavaScript error: , line 0: TypeError: NetworkError when attempting to fetch resource.
JavaScript error: , line 0: TypeError: NetworkError when attempting to fetch resource.
JavaScript error: , line 0: TypeError: NetworkError when attempting to fetch resource.
JavaScript error: chrome://remote/content/marionette/cert.sys.mjs, line 51: NS_ERROR_NOT_AVAILABLE: Component returned failure code: 0x80040111 (NS_ERROR_NOT_AVAILABLE) [nsICertOverrideService.setDisableAllSecurityChecksAndLetAttackersInterceptMyData]
1697053587416	geckodriver	INFO	Listening on 127.0.0.1:40389
1697053588460	mozrunner::runner	INFO	Running command: MOZ_CRASHREPORTER="1" MOZ_CRASHREPORTER_NO_REPORT="1" MOZ_CRASHREPORTER_SHUTDOWN="1" MOZ_NO_REMOTE="1" "/usr/bin/firefox" "--marionette" "-no-remote" "-profile" "/tmp/rust_mozprofilevYrOIB"
console.warn: services.settings: Ignoring preference override of remote settings server
console.warn: services.settings: Allow by setting MOZ_REMOTE_SETTINGS_DEVTOOLS=1 in the environment
1697053589258	Marionette	INFO	Marionette enabled
1697053589390	Marionette	INFO	Listening on port 43167
Read port: 43167
1697053589651	RemoteAgent	WARN	TLS certificate errors will be ignored for this session
console.error: ({})
JavaScript error: , line 0: TypeError: NetworkError when attempting to fetch resource.
JavaScript error: https://tag.durationmedia.net/sites/10651/dm.js, line 1: TypeError: e.parsedBody is undefined
JavaScript error: , line 0: uncaught exception: Object
JavaScript error: , line 0: uncaught exception: Object
JavaScript error: , line 0: TypeError: NetworkError when attempting to fetch resource.
JavaScript error: https://assets.a-mo.net/js/cframe.js#gdpr=0&gdpr_consent={gdpr_consent}&cc=ZA, line 1: SecurityError: The operation is insecure.
JavaScript error: https://prebid.a-mo.net/isyn?gdpr={gdpr}&gdpr_consent={gdpr_consent}&us_privacy={us_privacy}&cb=%20https%3A%2F%2Fsync.spotim.market%2Fcsync%3Ft%3Da%26ep%3D696268%26extuid%3D, line 2: ReferenceError: __am$CK is not defined
JavaScript warning: https://pagead2.googlesyndication.com/bg/YeTNF82ErcXtSc42GSWrie2SEIEL8DxR64dbf1nZkSc.js line 2 > eval line 7306 > eval line 1 > eval line 1 > eval, line 1: WEBGL_debug_renderer_info is deprecated in Firefox and will be removed. Please use RENDERER.
JavaScript error: https://assets.a-mo.net/js/cframe.js#gdpr=0&gdpr_consent=&cc=ZA, line 1: SecurityError: The operation is insecure.
JavaScript error: https://prebid.a-mo.net/isyn?__st=iframe&gdpr=0&gdpr_consent=&us_privacy=1---&_e=_e%3DCsUBShJ3aXRjaGVyLmZhbmRvbS5jb21SC2Fhcy0wN2ZhZDZkWghwYmExLjMuMmoSd2l0Y2hlci5mYW5kb20uY29t-gEGNy4zNy406AIBiAOo95upBqgDGeoDCW01d2Y4Ni5waKoEA0lTULIFA1VTRNIFCTEwNTE5OTYxOdgFAeAFAeoFB2Rlc2t0b3D6BQNueTXSBiAxMUQ0QTk1RjAzMzFDNTIzMTNFODUzQzY0NjhCOEZDMaoHA3dlYsoHCmZhbmRvbS5jb20, line 2: ReferenceError: __am$CK is not defined
JavaScript warning: https://www.clickcease.com/monitor/stat.js, line 1: unreachable code after return statement
JavaScript error: resource://gre/actors/PictureInPictureChild.sys.mjs, line 347: TypeError: can't access dead object
console.error: "update.locale" " file doesn't exist in either the application or GRE directories"
JavaScript error: , line 0: TypeError: NetworkError when attempting to fetch resource.
JavaScript error: https://assets.a-mo.net/js/cframe.js#gdpr=0&gdpr_consent=&cc=ZA, line 1: SecurityError: The operation is insecure.
JavaScript error: https://prebid.a-mo.net/isyn?gdpr=0&gdpr_consent=&us_privacy=1---&cb=%20https%3A%2F%2Fsync.spotim.market%2Fcsync%3Ft%3Da%26ep%3D696268%26extuid%3D, line 2: ReferenceError: __am$CK is not defined
JavaScript error: https://assets.a-mo.net/js/cframe.js#gdpr=0&gdpr_consent=&cc=ZA, line 1: SecurityError: The operation is insecure.
JavaScript error: https://prebid.a-mo.net/isyn?__st=iframe&gdpr=0&gdpr_consent=&us_privacy=1---&_e=_e%3DCsUBShJ3aXRjaGVyLmZhbmRvbS5jb21SC2Fhcy0wN2ZhZDZkWghwYmExLjMuMmoSd2l0Y2hlci5mYW5kb20uY29t-gEGNy4zNy406AICiAO995upBqgDGeoDCW01d3d3Ny54MqoEA0lTULIFA1VTRNIFCTEwNTE5OTMyONgFAOAFAeoFB2Rlc2t0b3D6BQNueTXSBiAxMUQ0QTk1RjAzMzFDNTIzMTNFODUzQzY0NjhCOEZDMaoHA3dlYsoHCmZhbmRvbS5jb20, line 2: ReferenceError: __am$CK is not defined
1697053638399	Marionette	WARN	Ignoring event 'pageshow' because document has an invalid readyState of 'uninitialized'.
JavaScript warning: https://pagead2.googlesyndication.com/bg/YeTNF82ErcXtSc42GSWrie2SEIEL8DxR64dbf1nZkSc.js line 2 > eval line 1358 > eval line 1 > eval line 1 > eval, line 1: WEBGL_debug_renderer_info is deprecated in Firefox and will be removed. Please use RENDERER.
JavaScript error: , line 0: TypeError: NetworkError when attempting to fetch resource.
JavaScript error: , line 0: TypeError: NetworkError when attempting to fetch resource.
1697054038026	Marionette	INFO	Stopped listening on port 43167
JavaScript error: , line 0: TypeError: NetworkError when attempting to fetch resource.
JavaScript error: , line 0: TypeError: NetworkError when attempting to fetch resource.
JavaScript error: chrome://remote/content/marionette/cert.sys.mjs, line 51: NS_ERROR_NOT_AVAILABLE: Component returned failure code: 0x80040111 (NS_ERROR_NOT_AVAILABLE) [nsICertOverrideService.setDisableAllSecurityChecksAndLetAttackersInterceptMyData]
1697054044003	geckodriver	INFO	Listening on 127.0.0.1:48157
1697054045044	mozrunner::runner	INFO	Running command: MOZ_CRASHREPORTER="1" MOZ_CRASHREPORTER_NO_REPORT="1" MOZ_CRASHREPORTER_SHUTDOWN="1" MOZ_NO_REMOTE="1" "/usr/bin/firefox" "--marionette" "-no-remote" "-profile" "/tmp/rust_mozprofileQrEXLy"
console.warn: services.settings: Ignoring preference override of remote settings server
console.warn: services.settings: Allow by setting MOZ_REMOTE_SETTINGS_DEVTOOLS=1 in the environment
1697054045755	Marionette	INFO	Marionette enabled
1697054045879	Marionette	INFO	Listening on port 35207
Read port: 35207
1697054046136	RemoteAgent	WARN	TLS certificate errors will be ignored for this session
console.error: ({})
JavaScript error: , line 0: TypeError: NetworkError when attempting to fetch resource.
JavaScript error: , line 0: TypeError: NetworkError when attempting to fetch resource.
1697054061424	Marionette	INFO	Stopped listening on port 35207
JavaScript error: chrome://remote/content/marionette/cert.sys.mjs, line 51: NS_ERROR_NOT_AVAILABLE: Component returned failure code: 0x80040111 (NS_ERROR_NOT_AVAILABLE) [nsICertOverrideService.setDisableAllSecurityChecksAndLetAttackersInterceptMyData]
JavaScript error: , line 0: TypeError: NetworkError when attempting to fetch resource.
1697054074626	geckodriver	INFO	Listening on 127.0.0.1:48885
1697054075709	mozrunner::runner	INFO	Running command: MOZ_CRASHREPORTER="1" MOZ_CRASHREPORTER_NO_REPORT="1" MOZ_CRASHREPORTER_SHUTDOWN="1" MOZ_NO_REMOTE="1" "/usr/bin/firefox" "--marionette" "-no-remote" "-profile" "/tmp/rust_mozprofileB31Ntw"
console.warn: services.settings: Ignoring preference override of remote settings server
console.warn: services.settings: Allow by setting MOZ_REMOTE_SETTINGS_DEVTOOLS=1 in the environment
1697054076455	Marionette	INFO	Marionette enabled
1697054076579	Marionette	INFO	Listening on port 38077
Read port: 38077
1697054076825	RemoteAgent	WARN	TLS certificate errors will be ignored for this session
console.error: ({})
JavaScript error: , line 0: TypeError: NetworkError when attempting to fetch resource.
JavaScript warning: https://pagead2.googlesyndication.com/bg/FvrbBlV_jFWbJeQ31HKG04hrbzYZAPR58b-SgZjo0Pc.js line 2 > eval line 6616 > eval line 1 > eval line 1 > eval, line 1: WEBGL_debug_renderer_info is deprecated in Firefox and will be removed. Please use RENDERER.
JavaScript warning: https://pagead2.googlesyndication.com/bg/FvrbBlV_jFWbJeQ31HKG04hrbzYZAPR58b-SgZjo0Pc.js line 2 > eval line 7132 > eval line 1 > eval line 1 > eval, line 1: WEBGL_debug_renderer_info is deprecated in Firefox and will be removed. Please use RENDERER.
JavaScript warning: https://pagead2.googlesyndication.com/bg/YeTNF82ErcXtSc42GSWrie2SEIEL8DxR64dbf1nZkSc.js line 2 > eval line 3059 > eval line 1 > eval line 1 > eval, line 1: WEBGL_debug_renderer_info is deprecated in Firefox and will be removed. Please use RENDERER.
JavaScript error: https://assets.a-mo.net/js/cframe.js#gdpr=0&gdpr_consent=&cc=ZA, line 1: SecurityError: The operation is insecure.
JavaScript error: https://prebid.a-mo.net/isyn?__st=iframe&gdpr=0&gdpr_consent=&us_privacy=1---&_e=_e%3DCsYBShJ3aXRjaGVyLmZhbmRvbS5jb21SC2Fhcy0wN2ZhZDZkWghwYmExLjMuMmoSd2l0Y2hlci5mYW5kb20uY29t-gEGNy4zNy406AIBiAOO-5upBqgDGeoDCW02NnYzNC5ldqoEA0lTULIFA1VTRNIFCTEwNTE5OTYxOdgFAeAFAeoFB2Rlc2t0b3D6BQRkYzEz0gYgMTFENEE5NUYwMzMxQzUyMzEzRTg1M0M2NDY4QjhGQzGqBwN3ZWLKBwpmYW5kb20uY29t, line 2: ReferenceError: __am$CK is not defined
JavaScript error: https://assets.a-mo.net/js/cframe.js#gdpr=0&gdpr_consent=&cc=ZA, line 1: SecurityError: The operation is insecure.
JavaScript error: https://prebid.a-mo.net/isyn?__st=iframe&gdpr=0&gdpr_consent=&us_privacy=1---&_e=_e%3DCsYBShJ3aXRjaGVyLmZhbmRvbS5jb21SC2Fhcy0wN2ZhZDZkWghwYmExLjMuMmoSd2l0Y2hlci5mYW5kb20uY29t-gEGNy4zNy406AIBiAOO-5upBqgDGeoDCW02NnYzNC5ldqoEA0lTULIFA1VTRNIFCTEwNTE5OTMyONgFAOAFAeoFB2Rlc2t0b3D6BQRkYzEz0gYgMTFENEE5NUYwMzMxQzUyMzEzRTg1M0M2NDY4QjhGQzGqBwN3ZWLKBwpmYW5kb20uY29t, line 2: ReferenceError: __am$CK is not defined
JavaScript warning: https://pagead2.googlesyndication.com/bg/YeTNF82ErcXtSc42GSWrie2SEIEL8DxR64dbf1nZkSc.js line 2 > eval line 6607 > eval line 1 > eval line 1 > eval, line 1: WEBGL_debug_renderer_info is deprecated in Firefox and will be removed. Please use RENDERER.
console.error: "update.locale" " file doesn't exist in either the application or GRE directories"
JavaScript error: resource://gre/actors/PictureInPictureChild.sys.mjs, line 347: TypeError: can't access dead object
JavaScript warning: https://pagead2.googlesyndication.com/bg/YeTNF82ErcXtSc42GSWrie2SEIEL8DxR64dbf1nZkSc.js line 2 > eval line 2131 > eval line 1 > eval line 1 > eval, line 1: WEBGL_debug_renderer_info is deprecated in Firefox and will be removed. Please use RENDERER.
JavaScript error: , line 0: TypeError: NetworkError when attempting to fetch resource.
JavaScript error: , line 0: TypeError: NetworkError when attempting to fetch resource.
JavaScript warning: https://pagead2.googlesyndication.com/bg/YeTNF82ErcXtSc42GSWrie2SEIEL8DxR64dbf1nZkSc.js line 2 > eval line 1534 > eval line 1 > eval line 1 > eval, line 1: WEBGL_debug_renderer_info is deprecated in Firefox and will be removed. Please use RENDERER.
JavaScript warning: https://z.moatads.com/openxdisplay970503469688/moatad.js#moatClientLevel1=537073246&moatClientSlicer1=544059518&moatClientSlicer2=544059519&moatClientSlicer3=544059520&zMoatOX3TRANS=fb3c9441-4622-4fa2-b268-9317d7a880a0&zMoatOX3TRANSTIME=1697054119&zMoatADID=537171585&zMoatSZ=728x90&zMoatTAGID=928088424&zMoatBUID=0&zMoatDEALID=&zMoatBIDID=1, line 332: WEBGL_debug_renderer_info is deprecated in Firefox and will be removed. Please use RENDERER.
JavaScript warning: https://pagead2.googlesyndication.com/bg/FvrbBlV_jFWbJeQ31HKG04hrbzYZAPR58b-SgZjo0Pc.js line 2 > eval line 2322 > eval line 1 > eval line 1 > eval, line 1: WEBGL_debug_renderer_info is deprecated in Firefox and will be removed. Please use RENDERER.
1697054280524	Marionette	INFO	Stopped listening on port 38077
JavaScript error: , line 0: TypeError: NetworkError when attempting to fetch resource.
JavaScript error: , line 0: TypeError: NetworkError when attempting to fetch resource.
JavaScript error: , line 0: TypeError: NetworkError when attempting to fetch resource.
JavaScript error: chrome://remote/content/marionette/cert.sys.mjs, line 51: NS_ERROR_NOT_AVAILABLE: Component returned failure code: 0x80040111 (NS_ERROR_NOT_AVAILABLE) [nsICertOverrideService.setDisableAllSecurityChecksAndLetAttackersInterceptMyData]
1697054297887	geckodriver	INFO	Listening on 127.0.0.1:54109
1697054298956	mozrunner::runner	INFO	Running command: MOZ_CRASHREPORTER="1" MOZ_CRASHREPORTER_NO_REPORT="1" MOZ_CRASHREPORTER_SHUTDOWN="1" MOZ_NO_REMOTE="1" "/usr/bin/firefox" "--marionette" "--headless" "--no-sandbox" "-no-remote" "-profile" "/tmp/rust_mozprofileR6OVyq"
*** You are running in headless mode.
console.warn: services.settings: Ignoring preference override of remote settings server
console.warn: services.settings: Allow by setting MOZ_REMOTE_SETTINGS_DEVTOOLS=1 in the environment
1697054299353	Marionette	INFO	Marionette enabled
console.error: "Warning: unrecognized command line flag -no-sandbox\n"
1697054299434	Marionette	INFO	Listening on port 34977
Read port: 34977
1697054299621	RemoteAgent	WARN	TLS certificate errors will be ignored for this session
[GFX1-]: RenderCompositorSWGL failed mapping default framebuffer, no dt
console.error: ({})
JavaScript error: , line 0: uncaught exception: Object
JavaScript error: , line 0: uncaught exception: Object
JavaScript error: , line 0: TypeError: NetworkError when attempting to fetch resource.
JavaScript error: , line 0: TypeError: NetworkError when attempting to fetch resource.
JavaScript warning: https://pagead2.googlesyndication.com/bg/FvrbBlV_jFWbJeQ31HKG04hrbzYZAPR58b-SgZjo0Pc.js line 2 > eval line 1649 > eval line 1 > eval line 1 > eval, line 1: WEBGL_debug_renderer_info is deprecated in Firefox and will be removed. Please use RENDERER.
JavaScript warning: https://pagead2.googlesyndication.com/bg/FvrbBlV_jFWbJeQ31HKG04hrbzYZAPR58b-SgZjo0Pc.js line 2 > eval line 4223 > eval line 1 > eval line 1 > eval, line 1: WEBGL_debug_renderer_info is deprecated in Firefox and will be removed. Please use RENDERER.
JavaScript error: https://assets.a-mo.net/js/cframe.js#gdpr=0&gdpr_consent={gdpr_consent}&cc=ZA, line 1: SecurityError: The operation is insecure.
JavaScript error: https://prebid.a-mo.net/isyn?gdpr={gdpr}&gdpr_consent={gdpr_consent}&us_privacy={us_privacy}&cb=%20https%3A%2F%2Fsync.spotim.market%2Fcsync%3Ft%3Da%26ep%3D696268%26extuid%3D, line 2: ReferenceError: __am$CK is not defined
JavaScript error: https://assets.a-mo.net/js/cframe.js#gdpr=0&gdpr_consent=&cc=ZA, line 1: SecurityError: The operation is insecure.
JavaScript error: https://prebid.a-mo.net/isyn?gdpr=0&gdpr_consent=&us_privacy=1---&cb=%20https%3A%2F%2Fsync.spotim.market%2Fcsync%3Ft%3Da%26ep%3D696268%26extuid%3D, line 2: ReferenceError: __am$CK is not defined
JavaScript error: https://assets.a-mo.net/js/cframe.js#gdpr=0&gdpr_consent=&cc=ZA, line 1: SecurityError: The operation is insecure.
JavaScript error: https://prebid.a-mo.net/isyn?__st=iframe&gdpr=0&gdpr_consent=&us_privacy=1---&_e=_e%3DCsUBShJ3aXRjaGVyLmZhbmRvbS5jb21SC2Fhcy0wN2ZhZDZkWghwYmExLjMuMmoSd2l0Y2hlci5mYW5kb20uY29t-gEGNy4zNy406AIBiAPq_JupBqgDGeoDCW02YmtodC44aaoEA0lTULIFA1VTRNIFCTEwNTE5OTMyONgFAOAFAeoFB2Rlc2t0b3D6BQNueTXSBiAxMUQ0QTk1RjAzMzFDNTIzMTNFODUzQzY0NjhCOEZDMaoHA3dlYsoHCmZhbmRvbS5jb20, line 2: ReferenceError: __am$CK is not defined
JavaScript warning: https://pagead2.googlesyndication.com/bg/YeTNF82ErcXtSc42GSWrie2SEIEL8DxR64dbf1nZkSc.js line 2 > eval line 6014 > eval line 1 > eval line 1 > eval, line 1: WEBGL_debug_renderer_info is deprecated in Firefox and will be removed. Please use RENDERER.
console.error: "update.locale" " file doesn't exist in either the application or GRE directories"
JavaScript warning: https://pagead2.googlesyndication.com/bg/YeTNF82ErcXtSc42GSWrie2SEIEL8DxR64dbf1nZkSc.js line 2 > eval line 5122 > eval line 1 > eval line 1 > eval, line 1: WEBGL_debug_renderer_info is deprecated in Firefox and will be removed. Please use RENDERER.
JavaScript error: , line 0: TypeError: NetworkError when attempting to fetch resource.
JavaScript error: , line 0: TypeError: NetworkError when attempting to fetch resource.
JavaScript error: , line 0: TypeError: NetworkError when attempting to fetch resource.
JavaScript error: , line 0: uncaught exception: Object
JavaScript error: , line 0: uncaught exception: Object
JavaScript error: , line 0: uncaught exception: Object
JavaScript error: , line 0: uncaught exception: Object
JavaScript error: , line 0: uncaught exception: Object
JavaScript error: , line 0: uncaught exception: Object
JavaScript error: , line 0: TypeError: NetworkError when attempting to fetch resource.
JavaScript error: , line 0: TypeError: NetworkError when attempting to fetch resource.
JavaScript error: , line 0: TypeError: NetworkError when attempting to fetch resource.
JavaScript error: https://assets.a-mo.net/js/cframe.js#gdpr=0&gdpr_consent={gdpr_consent}&cc=ZA, line 1: SecurityError: The operation is insecure.
JavaScript error: https://prebid.a-mo.net/isyn?gdpr={gdpr}&gdpr_consent={gdpr_consent}&us_privacy={us_privacy}&cb=%20https%3A%2F%2Fsync.spotim.market%2Fcsync%3Ft%3Da%26ep%3D696268%26extuid%3D, line 2: ReferenceError: __am$CK is not defined
JavaScript warning: https://pagead2.googlesyndication.com/bg/YeTNF82ErcXtSc42GSWrie2SEIEL8DxR64dbf1nZkSc.js line 2 > eval line 2793 > eval line 1 > eval line 1 > eval, line 1: WEBGL_debug_renderer_info is deprecated in Firefox and will be removed. Please use RENDERER.
JavaScript error: https://assets.a-mo.net/js/cframe.js#gdpr=0&gdpr_consent={gdpr_consent}&cc=ZA, line 1: SecurityError: The operation is insecure.
JavaScript error: https://prebid.a-mo.net/isyn?__st=iframe&gdpr=0&gdpr_consent=&us_privacy=1---&_e=_e%3DCsIBShJ3aXRjaGVyLmZhbmRvbS5jb21SC2Fhcy0wN2ZhZDZkWghwYmExLjMuMmoSd2l0Y2hlci5mYW5kb20uY29t-gEGNy4zNy406AIBiAOI_ZupBqgDGeoDBm02YzhicqoEA0lTULIFA1VTRNIFCTEwNTE5OTYxOdgFAeAFAeoFB2Rlc2t0b3D6BQNueTXSBiAxMUQ0QTk1RjAzMzFDNTIzMTNFODUzQzY0NjhCOEZDMaoHA3dlYsoHCmZhbmRvbS5jb20, line 2: ReferenceError: __am$CK is not defined
JavaScript error: https://assets.a-mo.net/js/cframe.js#gdpr=0&gdpr_consent={gdpr_consent}&cc=ZA, line 1: SecurityError: The operation is insecure.
JavaScript error: https://prebid.a-mo.net/isyn?__st=iframe&gdpr=0&gdpr_consent=&us_privacy=1---&_e=_e%3DCsIBShJ3aXRjaGVyLmZhbmRvbS5jb21SC2Fhcy0wN2ZhZDZkWghwYmExLjMuMmoSd2l0Y2hlci5mYW5kb20uY29t-gEGNy4zNy406AIBiAOI_ZupBqgDGeoDBm02YzhicqoEA0lTULIFA1VTRNIFCTEwNTE5OTMyONgFAOAFAeoFB2Rlc2t0b3D6BQNueTXSBiAxMUQ0QTk1RjAzMzFDNTIzMTNFODUzQzY0NjhCOEZDMaoHA3dlYsoHCmZhbmRvbS5jb20, line 2: ReferenceError: __am$CK is not defined
JavaScript error: https://assets.a-mo.net/js/cframe.js#gdpr=0&gdpr_consent={gdpr_consent}&cc=ZA, line 1: SecurityError: The operation is insecure.
JavaScript error: https://prebid.a-mo.net/isyn?gdpr=0&gdpr_consent=&us_privacy=1---&cb=%20https%3A%2F%2Fsync.spotim.market%2Fcsync%3Ft%3Da%26ep%3D696268%26extuid%3D, line 2: ReferenceError: __am$CK is not defined
JavaScript error: resource://gre/actors/PictureInPictureChild.sys.mjs, line 347: TypeError: can't access dead object
JavaScript warning: https://pagead2.googlesyndication.com/bg/YeTNF82ErcXtSc42GSWrie2SEIEL8DxR64dbf1nZkSc.js line 2 > eval line 3920 > eval line 1 > eval line 1 > eval, line 1: WEBGL_debug_renderer_info is deprecated in Firefox and will be removed. Please use RENDERER.
JavaScript error: , line 0: TypeError: NetworkError when attempting to fetch resource.
JavaScript error: , line 0: TypeError: NetworkError when attempting to fetch resource.
JavaScript error: , line 0: uncaught exception: Object
JavaScript error: , line 0: uncaught exception: Object
JavaScript error: https://tag.durationmedia.net/sites/10651/dm.js, line 1: TypeError: e.parsedBody is undefined
JavaScript error: , line 0: uncaught exception: Object
JavaScript error: , line 0: uncaught exception: Object
JavaScript error: , line 0: uncaught exception: Object
JavaScript error: , line 0: uncaught exception: Object
JavaScript error: , line 0: uncaught exception: Object
JavaScript error: , line 0: uncaught exception: Object
JavaScript error: , line 0: uncaught exception: Object
JavaScript error: , line 0: uncaught exception: Object
JavaScript error: , line 0: uncaught exception: Object
JavaScript error: , line 0: uncaught exception: Object
JavaScript error: https://tag.durationmedia.net/sites/10651/dm.js, line 1: TypeError: e.parsedBody is undefined
JavaScript error: , line 0: TypeError: NetworkError when attempting to fetch resource.
JavaScript error: , line 0: TypeError: NetworkError when attempting to fetch resource.
JavaScript error: https://tag.durationmedia.net/sites/10651/dm.js, line 1: TypeError: e.parsedBody is undefined
JavaScript error: , line 0: uncaught exception: Object
JavaScript error: , line 0: uncaught exception: Object
JavaScript warning: https://pagead2.googlesyndication.com/bg/YeTNF82ErcXtSc42GSWrie2SEIEL8DxR64dbf1nZkSc.js line 2 > eval line 3580 > eval line 1 > eval line 1 > eval, line 1: WEBGL_debug_renderer_info is deprecated in Firefox and will be removed. Please use RENDERER.
JavaScript warning: https://pagead2.googlesyndication.com/bg/FvrbBlV_jFWbJeQ31HKG04hrbzYZAPR58b-SgZjo0Pc.js line 2 > eval line 1833 > eval line 1 > eval line 1 > eval, line 1: WEBGL_debug_renderer_info is deprecated in Firefox and will be removed. Please use RENDERER.
JavaScript error: https://assets.a-mo.net/js/cframe.js#gdpr=0&gdpr_consent={gdpr_consent}&cc=ZA, line 1: SecurityError: The operation is insecure.
JavaScript error: https://prebid.a-mo.net/isyn?gdpr={gdpr}&gdpr_consent={gdpr_consent}&us_privacy={us_privacy}&cb=%20https%3A%2F%2Fsync.spotim.market%2Fcsync%3Ft%3Da%26ep%3D696268%26extuid%3D, line 2: ReferenceError: __am$CK is not defined
JavaScript warning: https://pixel.yabidos.com/flimpobj.js?cb=1697054379214&ver1=2.2.3&qid=13634313f513734313f543931313&rnd=v0pxquwau13i&cid=1194 line 1 > eval, line 175: WEBGL_debug_renderer_info is deprecated in Firefox and will be removed. Please use RENDERER.
JavaScript error: https://assets.a-mo.net/js/cframe.js#gdpr=0&gdpr_consent={gdpr_consent}&cc=ZA, line 1: SecurityError: The operation is insecure.
JavaScript error: https://prebid.a-mo.net/isyn?__st=iframe&gdpr=0&gdpr_consent=&us_privacy=1---&_e=_e%3DCsUBShJ3aXRjaGVyLmZhbmRvbS5jb21SC2Fhcy0wN2ZhZDZkWghwYmExLjMuMmoSd2l0Y2hlci5mYW5kb20uY29t-gEGNy4zNy406AIBiAOp_ZupBqgDGeoDCW02Y3h4Zi5xY6oEA0lTULIFA1VTRNIFCTEwNTE5OTYxOdgFAeAFAeoFB2Rlc2t0b3D6BQNueTXSBiAxMUQ0QTk1RjAzMzFDNTIzMTNFODUzQzY0NjhCOEZDMaoHA3dlYsoHCmZhbmRvbS5jb20, line 2: ReferenceError: __am$CK is not defined
JavaScript error: https://assets.a-mo.net/js/cframe.js#gdpr=0&gdpr_consent={gdpr_consent}&cc=ZA, line 1: SecurityError: The operation is insecure.
JavaScript error: https://assets.a-mo.net/js/cframe.js#gdpr=0&gdpr_consent={gdpr_consent}&cc=ZA, line 1: SecurityError: The operation is insecure.
JavaScript error: https://prebid.a-mo.net/isyn?__st=iframe&gdpr=0&gdpr_consent=&us_privacy=1---&_e=_e%3DCsUBShJ3aXRjaGVyLmZhbmRvbS5jb21SC2Fhcy0wN2ZhZDZkWghwYmExLjMuMmoSd2l0Y2hlci5mYW5kb20uY29t-gEGNy4zNy406AIBiAOp_ZupBqgDGeoDCW02Y3h4Zi5xY6oEA0lTULIFA1VTRNIFCTEwNTE5OTMyONgFAOAFAeoFB2Rlc2t0b3D6BQNueTXSBiAxMUQ0QTk1RjAzMzFDNTIzMTNFODUzQzY0NjhCOEZDMaoHA3dlYsoHCmZhbmRvbS5jb20, line 2: ReferenceError: __am$CK is not defined
JavaScript error: https://prebid.a-mo.net/isyn?gdpr=0&gdpr_consent=&us_privacy=1---&cb=%20https%3A%2F%2Fsync.spotim.market%2Fcsync%3Ft%3Da%26ep%3D696268%26extuid%3D, line 2: ReferenceError: __am$CK is not defined
JavaScript warning: https://pagead2.googlesyndication.com/bg/YeTNF82ErcXtSc42GSWrie2SEIEL8DxR64dbf1nZkSc.js line 2 > eval line 4872 > eval line 1 > eval line 1 > eval, line 1: WEBGL_debug_renderer_info is deprecated in Firefox and will be removed. Please use RENDERER.
JavaScript error: , line 0: TypeError: NetworkError when attempting to fetch resource.
JavaScript warning: https://pagead2.googlesyndication.com/bg/YeTNF82ErcXtSc42GSWrie2SEIEL8DxR64dbf1nZkSc.js line 2 > eval line 7799 > eval line 1 > eval line 1 > eval, line 1: WEBGL_debug_renderer_info is deprecated in Firefox and will be removed. Please use RENDERER.
JavaScript error: resource://gre/actors/PictureInPictureChild.sys.mjs, line 347: TypeError: can't access dead object
JavaScript warning: https://pagead2.googlesyndication.com/bg/FvrbBlV_jFWbJeQ31HKG04hrbzYZAPR58b-SgZjo0Pc.js line 2 > eval line 4981 > eval line 1 > eval line 1 > eval, line 1: WEBGL_debug_renderer_info is deprecated in Firefox and will be removed. Please use RENDERER.
JavaScript warning: https://pagead2.googlesyndication.com/bg/YeTNF82ErcXtSc42GSWrie2SEIEL8DxR64dbf1nZkSc.js line 2 > eval line 5217 > eval line 1 > eval line 1 > eval, line 1: WEBGL_debug_renderer_info is deprecated in Firefox and will be removed. Please use RENDERER.
JavaScript error: , line 0: TypeError: NetworkError when attempting to fetch resource.
JavaScript warning: https://pagead2.googlesyndication.com/bg/FvrbBlV_jFWbJeQ31HKG04hrbzYZAPR58b-SgZjo0Pc.js line 2 > eval line 2878 > eval line 1 > eval line 1 > eval, line 1: WEBGL_debug_renderer_info is deprecated in Firefox and will be removed. Please use RENDERER.
JavaScript warning: https://pagead2.googlesyndication.com/bg/FvrbBlV_jFWbJeQ31HKG04hrbzYZAPR58b-SgZjo0Pc.js line 2 > eval line 7380 > eval line 1 > eval line 1 > eval, line 1: WEBGL_debug_renderer_info is deprecated in Firefox and will be removed. Please use RENDERER.
JavaScript error: , line 0: TypeError: NetworkError when attempting to fetch resource.
JavaScript error: , line 0: TypeError: NetworkError when attempting to fetch resource.
JavaScript error: , line 0: TypeError: NetworkError when attempting to fetch resource.
JavaScript warning: https://pagead2.googlesyndication.com/bg/FvrbBlV_jFWbJeQ31HKG04hrbzYZAPR58b-SgZjo0Pc.js line 2 > eval line 283 > eval line 1 > eval line 1 > eval, line 1: WEBGL_debug_renderer_info is deprecated in Firefox and will be removed. Please use RENDERER.
JavaScript warning: https://pagead2.googlesyndication.com/bg/FvrbBlV_jFWbJeQ31HKG04hrbzYZAPR58b-SgZjo0Pc.js line 2 > eval line 4194 > eval line 1 > eval line 1 > eval, line 1: WEBGL_debug_renderer_info is deprecated in Firefox and will be removed. Please use RENDERER.
JavaScript error: , line 0: TypeError: NetworkError when attempting to fetch resource.
JavaScript error: , line 0: TypeError: NetworkError when attempting to fetch resource.
JavaScript error: , line 0: TypeError: NetworkError when attempting to fetch resource.
JavaScript warning: https://pagead2.googlesyndication.com/bg/FvrbBlV_jFWbJeQ31HKG04hrbzYZAPR58b-SgZjo0Pc.js line 2 > eval line 2561 > eval line 1 > eval line 1 > eval, line 1: WEBGL_debug_renderer_info is deprecated in Firefox and will be removed. Please use RENDERER.
JavaScript warning: https://pagead2.googlesyndication.com/bg/FvrbBlV_jFWbJeQ31HKG04hrbzYZAPR58b-SgZjo0Pc.js line 2 > eval line 5880 > eval line 1 > eval line 1 > eval, line 1: WEBGL_debug_renderer_info is deprecated in Firefox and will be removed. Please use RENDERER.
JavaScript error: , line 0: TypeError: NetworkError when attempting to fetch resource.
JavaScript error: , line 0: TypeError: NetworkError when attempting to fetch resource.
JavaScript error: , line 0: TypeError: NetworkError when attempting to fetch resource.
JavaScript warning: https://pagead2.googlesyndication.com/bg/FvrbBlV_jFWbJeQ31HKG04hrbzYZAPR58b-SgZjo0Pc.js line 2 > eval line 3650 > eval line 1 > eval line 1 > eval, line 1: WEBGL_debug_renderer_info is deprecated in Firefox and will be removed. Please use RENDERER.
JavaScript warning: https://pagead2.googlesyndication.com/bg/FvrbBlV_jFWbJeQ31HKG04hrbzYZAPR58b-SgZjo0Pc.js line 2 > eval line 2562 > eval line 1 > eval line 1 > eval, line 1: WEBGL_debug_renderer_info is deprecated in Firefox and will be removed. Please use RENDERER.
